2025-11-26 16:44:59,908 $ 1764146699.908010 $ INFO $ reload $ :53 $ /Users/zhaoxuefeng/GitHub/loverooma/src/loverooma/core.py $ reload||
2025-11-26 16:45:00,027 $ 1764146700.027419 $ INFO $ _send_single_request $ :1025 $ /Users/zhaoxuefeng/GitHub/loverooma/.venv/lib/python3.10/site-packages/httpx/_client.py $ HTTP Request: GET http://localhost:6333 "HTTP/1.1 200 OK"||
2025-11-26 16:45:00,046 $ 1764146700.046512 $ INFO $ _send_single_request $ :1025 $ /Users/zhaoxuefeng/GitHub/loverooma/.venv/lib/python3.10/site-packages/httpx/_client.py $ HTTP Request: GET http://localhost:6333/collections "HTTP/1.1 200 OK"||
2025-11-26 16:45:00,057 $ 1764146700.057250 $ INFO $ _send_single_request $ :1025 $ /Users/zhaoxuefeng/GitHub/loverooma/.venv/lib/python3.10/site-packages/httpx/_client.py $ HTTP Request: GET http://localhost:6333/collections/loveroom/exists "HTTP/1.1 200 OK"||
2025-11-26 16:45:00,065 $ 1764146700.065805 $ INFO $ _send_single_request $ :1025 $ /Users/zhaoxuefeng/GitHub/loverooma/.venv/lib/python3.10/site-packages/httpx/_client.py $ HTTP Request: GET http://localhost:6333/collections/loveroom "HTTP/1.1 200 OK"||
2025-11-26 16:45:00,327 $ 1764146700.327315 $ INFO $ reload $ :53 $ /Users/zhaoxuefeng/GitHub/loverooma/src/loverooma/core.py $ reload||
2025-11-26 16:45:00,372 $ 1764146700.372599 $ INFO $ _send_single_request $ :1025 $ /Users/zhaoxuefeng/GitHub/loverooma/.venv/lib/python3.10/site-packages/httpx/_client.py $ HTTP Request: GET http://localhost:6333 "HTTP/1.1 200 OK"||
2025-11-26 16:45:00,382 $ 1764146700.382740 $ INFO $ _send_single_request $ :1025 $ /Users/zhaoxuefeng/GitHub/loverooma/.venv/lib/python3.10/site-packages/httpx/_client.py $ HTTP Request: GET http://localhost:6333/collections "HTTP/1.1 200 OK"||
2025-11-26 16:45:00,391 $ 1764146700.391821 $ INFO $ _send_single_request $ :1025 $ /Users/zhaoxuefeng/GitHub/loverooma/.venv/lib/python3.10/site-packages/httpx/_client.py $ HTTP Request: GET http://localhost:6333/collections/loveroom/exists "HTTP/1.1 200 OK"||
2025-11-26 16:45:00,397 $ 1764146700.397217 $ INFO $ _send_single_request $ :1025 $ /Users/zhaoxuefeng/GitHub/loverooma/.venv/lib/python3.10/site-packages/httpx/_client.py $ HTTP Request: GET http://localhost:6333/collections/loveroom "HTTP/1.1 200 OK"||
2025-11-26 16:45:29,740 $ 1764146729.740480 $ INFO $ reload $ :53 $ /Users/zhaoxuefeng/GitHub/loverooma/src/loverooma/core.py $ reload||
2025-11-26 16:45:29,834 $ 1764146729.834888 $ INFO $ _send_single_request $ :1025 $ /Users/zhaoxuefeng/GitHub/loverooma/.venv/lib/python3.10/site-packages/httpx/_client.py $ HTTP Request: GET http://localhost:6333 "HTTP/1.1 200 OK"||
2025-11-26 16:45:29,848 $ 1764146729.848937 $ INFO $ _send_single_request $ :1025 $ /Users/zhaoxuefeng/GitHub/loverooma/.venv/lib/python3.10/site-packages/httpx/_client.py $ HTTP Request: GET http://localhost:6333/collections "HTTP/1.1 200 OK"||
2025-11-26 16:45:29,860 $ 1764146729.860330 $ INFO $ _send_single_request $ :1025 $ /Users/zhaoxuefeng/GitHub/loverooma/.venv/lib/python3.10/site-packages/httpx/_client.py $ HTTP Request: GET http://localhost:6333/collections/loveroom/exists "HTTP/1.1 200 OK"||
2025-11-26 16:45:29,885 $ 1764146729.885913 $ INFO $ _send_single_request $ :1025 $ /Users/zhaoxuefeng/GitHub/loverooma/.venv/lib/python3.10/site-packages/httpx/_client.py $ HTTP Request: GET http://localhost:6333/collections/loveroom "HTTP/1.1 200 OK"||
2025-11-26 16:45:30,160 $ 1764146730.160499 $ INFO $ reload $ :53 $ /Users/zhaoxuefeng/GitHub/loverooma/src/loverooma/core.py $ reload||
2025-11-26 16:45:30,209 $ 1764146730.209347 $ INFO $ _send_single_request $ :1025 $ /Users/zhaoxuefeng/GitHub/loverooma/.venv/lib/python3.10/site-packages/httpx/_client.py $ HTTP Request: GET http://localhost:6333 "HTTP/1.1 200 OK"||
2025-11-26 16:45:30,219 $ 1764146730.219223 $ INFO $ _send_single_request $ :1025 $ /Users/zhaoxuefeng/GitHub/loverooma/.venv/lib/python3.10/site-packages/httpx/_client.py $ HTTP Request: GET http://localhost:6333/collections "HTTP/1.1 200 OK"||
2025-11-26 16:45:30,228 $ 1764146730.228527 $ INFO $ _send_single_request $ :1025 $ /Users/zhaoxuefeng/GitHub/loverooma/.venv/lib/python3.10/site-packages/httpx/_client.py $ HTTP Request: GET http://localhost:6333/collections/loveroom/exists "HTTP/1.1 200 OK"||
2025-11-26 16:45:30,237 $ 1764146730.237538 $ INFO $ _send_single_request $ :1025 $ /Users/zhaoxuefeng/GitHub/loverooma/.venv/lib/python3.10/site-packages/httpx/_client.py $ HTTP Request: GET http://localhost:6333/collections/loveroom "HTTP/1.1 200 OK"||
2025-11-26 16:45:35,668 $ 1764146735.668131 $ INFO $ reload $ :53 $ /Users/zhaoxuefeng/GitHub/loverooma/src/loverooma/core.py $ reload||
2025-11-26 16:45:35,761 $ 1764146735.761370 $ INFO $ _send_single_request $ :1025 $ /Users/zhaoxuefeng/GitHub/loverooma/.venv/lib/python3.10/site-packages/httpx/_client.py $ HTTP Request: GET http://localhost:6333 "HTTP/1.1 200 OK"||
2025-11-26 16:45:35,773 $ 1764146735.773284 $ INFO $ _send_single_request $ :1025 $ /Users/zhaoxuefeng/GitHub/loverooma/.venv/lib/python3.10/site-packages/httpx/_client.py $ HTTP Request: GET http://localhost:6333/collections "HTTP/1.1 200 OK"||
2025-11-26 16:45:35,782 $ 1764146735.782680 $ INFO $ _send_single_request $ :1025 $ /Users/zhaoxuefeng/GitHub/loverooma/.venv/lib/python3.10/site-packages/httpx/_client.py $ HTTP Request: GET http://localhost:6333/collections/loveroom/exists "HTTP/1.1 200 OK"||
2025-11-26 16:45:35,793 $ 1764146735.793581 $ INFO $ _send_single_request $ :1025 $ /Users/zhaoxuefeng/GitHub/loverooma/.venv/lib/python3.10/site-packages/httpx/_client.py $ HTTP Request: GET http://localhost:6333/collections/loveroom "HTTP/1.1 200 OK"||
2025-11-26 16:45:36,057 $ 1764146736.057203 $ INFO $ reload $ :53 $ /Users/zhaoxuefeng/GitHub/loverooma/src/loverooma/core.py $ reload||
2025-11-26 16:45:36,123 $ 1764146736.123133 $ INFO $ _send_single_request $ :1025 $ /Users/zhaoxuefeng/GitHub/loverooma/.venv/lib/python3.10/site-packages/httpx/_client.py $ HTTP Request: GET http://localhost:6333 "HTTP/1.1 200 OK"||
2025-11-26 16:45:36,132 $ 1764146736.132344 $ INFO $ _send_single_request $ :1025 $ /Users/zhaoxuefeng/GitHub/loverooma/.venv/lib/python3.10/site-packages/httpx/_client.py $ HTTP Request: GET http://localhost:6333/collections "HTTP/1.1 200 OK"||
2025-11-26 16:45:36,140 $ 1764146736.140907 $ INFO $ _send_single_request $ :1025 $ /Users/zhaoxuefeng/GitHub/loverooma/.venv/lib/python3.10/site-packages/httpx/_client.py $ HTTP Request: GET http://localhost:6333/collections/loveroom/exists "HTTP/1.1 200 OK"||
2025-11-26 16:45:36,151 $ 1764146736.151046 $ INFO $ _send_single_request $ :1025 $ /Users/zhaoxuefeng/GitHub/loverooma/.venv/lib/python3.10/site-packages/httpx/_client.py $ HTTP Request: GET http://localhost:6333/collections/loveroom "HTTP/1.1 200 OK"||
2025-11-26 16:46:00,616 $ 1764146760.616568 $ INFO $ reload $ :53 $ /Users/zhaoxuefeng/GitHub/loverooma/src/loverooma/core.py $ reload||
2025-11-26 16:46:00,728 $ 1764146760.728008 $ INFO $ _send_single_request $ :1025 $ /Users/zhaoxuefeng/GitHub/loverooma/.venv/lib/python3.10/site-packages/httpx/_client.py $ HTTP Request: GET http://localhost:6333 "HTTP/1.1 200 OK"||
2025-11-26 16:46:00,741 $ 1764146760.741748 $ INFO $ _send_single_request $ :1025 $ /Users/zhaoxuefeng/GitHub/loverooma/.venv/lib/python3.10/site-packages/httpx/_client.py $ HTTP Request: GET http://localhost:6333/collections "HTTP/1.1 200 OK"||
2025-11-26 16:46:00,747 $ 1764146760.747874 $ INFO $ _send_single_request $ :1025 $ /Users/zhaoxuefeng/GitHub/loverooma/.venv/lib/python3.10/site-packages/httpx/_client.py $ HTTP Request: GET http://localhost:6333/collections/loveroom/exists "HTTP/1.1 200 OK"||
2025-11-26 16:46:00,755 $ 1764146760.755748 $ INFO $ _send_single_request $ :1025 $ /Users/zhaoxuefeng/GitHub/loverooma/.venv/lib/python3.10/site-packages/httpx/_client.py $ HTTP Request: GET http://localhost:6333/collections/loveroom "HTTP/1.1 200 OK"||
2025-11-26 16:46:03,769 $ 1764146763.769049 $ INFO $ reload $ :53 $ /Users/zhaoxuefeng/GitHub/loverooma/src/loverooma/core.py $ reload||
2025-11-26 16:46:03,852 $ 1764146763.852830 $ INFO $ _send_single_request $ :1025 $ /Users/zhaoxuefeng/GitHub/loverooma/.venv/lib/python3.10/site-packages/httpx/_client.py $ HTTP Request: GET http://localhost:6333 "HTTP/1.1 200 OK"||
2025-11-26 16:46:03,860 $ 1764146763.860939 $ INFO $ _send_single_request $ :1025 $ /Users/zhaoxuefeng/GitHub/loverooma/.venv/lib/python3.10/site-packages/httpx/_client.py $ HTTP Request: GET http://localhost:6333/collections "HTTP/1.1 200 OK"||
2025-11-26 16:46:03,867 $ 1764146763.867576 $ INFO $ _send_single_request $ :1025 $ /Users/zhaoxuefeng/GitHub/loverooma/.venv/lib/python3.10/site-packages/httpx/_client.py $ HTTP Request: GET http://localhost:6333/collections/loveroom/exists "HTTP/1.1 200 OK"||
2025-11-26 16:46:03,884 $ 1764146763.884877 $ INFO $ _send_single_request $ :1025 $ /Users/zhaoxuefeng/GitHub/loverooma/.venv/lib/python3.10/site-packages/httpx/_client.py $ HTTP Request: GET http://localhost:6333/collections/loveroom "HTTP/1.1 200 OK"||
2025-11-26 16:46:04,153 $ 1764146764.153619 $ INFO $ reload $ :53 $ /Users/zhaoxuefeng/GitHub/loverooma/src/loverooma/core.py $ reload||
2025-11-26 16:46:04,197 $ 1764146764.197673 $ INFO $ _send_single_request $ :1025 $ /Users/zhaoxuefeng/GitHub/loverooma/.venv/lib/python3.10/site-packages/httpx/_client.py $ HTTP Request: GET http://localhost:6333 "HTTP/1.1 200 OK"||
2025-11-26 16:46:04,203 $ 1764146764.203165 $ INFO $ _send_single_request $ :1025 $ /Users/zhaoxuefeng/GitHub/loverooma/.venv/lib/python3.10/site-packages/httpx/_client.py $ HTTP Request: GET http://localhost:6333/collections "HTTP/1.1 200 OK"||
2025-11-26 16:46:04,207 $ 1764146764.207958 $ INFO $ _send_single_request $ :1025 $ /Users/zhaoxuefeng/GitHub/loverooma/.venv/lib/python3.10/site-packages/httpx/_client.py $ HTTP Request: GET http://localhost:6333/collections/loveroom/exists "HTTP/1.1 200 OK"||
2025-11-26 16:46:04,212 $ 1764146764.212629 $ INFO $ _send_single_request $ :1025 $ /Users/zhaoxuefeng/GitHub/loverooma/.venv/lib/python3.10/site-packages/httpx/_client.py $ HTTP Request: GET http://localhost:6333/collections/loveroom "HTTP/1.1 200 OK"||
2025-11-26 16:48:25,854 $ 1764146905.854367 $ INFO $ update_with_desensitization $ :153 $ /Users/zhaoxuefeng/GitHub/loverooma/src/loverooma/server.py $ Received text for desensitization and update: '你好, 张泽磊...' with ID: '3jf245vv'||
2025-11-26 16:48:25,856 $ 1764146905.856071 $ INFO $ desensitization $ :145 $ /Users/zhaoxuefeng/GitHub/loverooma/src/loverooma/core.py $ 0||
2025-11-26 16:48:33,321 $ 1764146913.321319 $ INFO $ _send_single_request $ :1025 $ /Users/zhaoxuefeng/GitHub/loverooma/.venv/lib/python3.10/site-packages/httpx/_client.py $ HTTP Request: POST https://ark.cn-beijing.volces.com/api/v3/chat/completions "HTTP/1.1 200 OK"||
2025-11-26 16:48:43,800 $ 1764146923.800427 $ INFO $ _send_single_request $ :1025 $ /Users/zhaoxuefeng/GitHub/loverooma/.venv/lib/python3.10/site-packages/httpx/_client.py $ HTTP Request: POST https://ark.cn-beijing.volces.com/api/v3/chat/completions "HTTP/1.1 200 OK"||
2025-11-26 16:48:43,805 $ 1764146923.805189 $ INFO $ update $ :84 $ /Users/zhaoxuefeng/GitHub/loverooma/src/loverooma/core.py $ update||
2025-11-26 16:48:43,806 $ 1764146923.806174 $ WARNING $ update $ :365 $ /Users/zhaoxuefeng/GitHub/loverooma/.venv/lib/python3.10/site-packages/llama_index/core/indices/base.py $ update() is now deprecated, please refer to update_ref_doc() to update ingested documents+nodes.Use aupdate_ref_docs() for an asynchronous implementation||
2025-11-26 16:48:43,886 $ 1764146923.886307 $ INFO $ _send_single_request $ :1025 $ /Users/zhaoxuefeng/GitHub/loverooma/.venv/lib/python3.10/site-packages/httpx/_client.py $ HTTP Request: POST http://localhost:6333/collections/loveroom/points/delete?wait=true "HTTP/1.1 200 OK"||
2025-11-26 16:48:44,008 $ 1764146924.008796 $ INFO $ _send_single_request $ :1025 $ /Users/zhaoxuefeng/GitHub/loverooma/.venv/lib/python3.10/site-packages/httpx/_client.py $ HTTP Request: POST https://ark.cn-beijing.volces.com/api/v3/embeddings "HTTP/1.1 200 OK"||
2025-11-26 16:48:44,075 $ 1764146924.075278 $ INFO $ _send_single_request $ :1025 $ /Users/zhaoxuefeng/GitHub/loverooma/.venv/lib/python3.10/site-packages/httpx/_client.py $ HTTP Request: PUT http://localhost:6333/collections/loveroom/points?wait=true "HTTP/1.1 200 OK"||
2025-11-26 16:48:44,077 $ 1764146924.077058 $ INFO $ update_with_desensitization $ :161 $ /Users/zhaoxuefeng/GitHub/loverooma/src/loverooma/server.py $ ID '3jf245vv' updated successfully with desensitized text.||
2025-11-26 16:49:05,008 $ 1764146945.008057 $ INFO $ desensitization_endpoint $ :121 $ /Users/zhaoxuefeng/GitHub/loverooma/src/loverooma/server.py $ Received text for desensitization: '你好, 张仲景...'||
2025-11-26 16:49:05,009 $ 1764146945.009651 $ INFO $ desensitization $ :145 $ /Users/zhaoxuefeng/GitHub/loverooma/src/loverooma/core.py $ 0||
2025-11-26 16:49:11,558 $ 1764146951.558050 $ INFO $ _send_single_request $ :1025 $ /Users/zhaoxuefeng/GitHub/loverooma/.venv/lib/python3.10/site-packages/httpx/_client.py $ HTTP Request: POST https://ark.cn-beijing.volces.com/api/v3/chat/completions "HTTP/1.1 200 OK"||
2025-11-26 16:49:18,922 $ 1764146958.922999 $ INFO $ _send_single_request $ :1025 $ /Users/zhaoxuefeng/GitHub/loverooma/.venv/lib/python3.10/site-packages/httpx/_client.py $ HTTP Request: POST https://ark.cn-beijing.volces.com/api/v3/chat/completions "HTTP/1.1 200 OK"||
2025-11-26 16:49:21,965 $ 1764146961.965627 $ INFO $ update $ :84 $ /Users/zhaoxuefeng/GitHub/loverooma/src/loverooma/core.py $ update||
2025-11-26 16:49:21,966 $ 1764146961.966491 $ WARNING $ update $ :365 $ /Users/zhaoxuefeng/GitHub/loverooma/.venv/lib/python3.10/site-packages/llama_index/core/indices/base.py $ update() is now deprecated, please refer to update_ref_doc() to update ingested documents+nodes.Use aupdate_ref_docs() for an asynchronous implementation||
2025-11-26 16:49:22,008 $ 1764146962.008029 $ INFO $ _send_single_request $ :1025 $ /Users/zhaoxuefeng/GitHub/loverooma/.venv/lib/python3.10/site-packages/httpx/_client.py $ HTTP Request: POST http://localhost:6333/collections/loveroom/points/delete?wait=true "HTTP/1.1 200 OK"||
2025-11-26 16:49:22,119 $ 1764146962.119085 $ INFO $ _send_single_request $ :1025 $ /Users/zhaoxuefeng/GitHub/loverooma/.venv/lib/python3.10/site-packages/httpx/_client.py $ HTTP Request: POST https://ark.cn-beijing.volces.com/api/v3/embeddings "HTTP/1.1 200 OK"||
2025-11-26 16:49:22,194 $ 1764146962.194774 $ INFO $ _send_single_request $ :1025 $ /Users/zhaoxuefeng/GitHub/loverooma/.venv/lib/python3.10/site-packages/httpx/_client.py $ HTTP Request: PUT http://localhost:6333/collections/loveroom/points?wait=true "HTTP/1.1 200 OK"||
2025-11-26 16:49:28,382 $ 1764146968.382935 $ INFO $ search $ :94 $ /Users/zhaoxuefeng/GitHub/loverooma/src/loverooma/core.py $ search||
2025-11-26 16:49:28,595 $ 1764146968.595487 $ INFO $ _send_single_request $ :1025 $ /Users/zhaoxuefeng/GitHub/loverooma/.venv/lib/python3.10/site-packages/httpx/_client.py $ HTTP Request: POST https://ark.cn-beijing.volces.com/api/v3/embeddings "HTTP/1.1 200 OK"||
2025-11-26 16:49:28,635 $ 1764146968.635727 $ INFO $ _send_single_request $ :1025 $ /Users/zhaoxuefeng/GitHub/loverooma/.venv/lib/python3.10/site-packages/httpx/_client.py $ HTTP Request: POST http://localhost:6333/collections/loveroom/points/search "HTTP/1.1 200 OK"||
